<?xml version="1.0" encoding="UTF-8"?>
<testsuite xmlns:xsi="http://www.w3.org/2001/XMLSchema-instance" xsi:noNamespaceSchemaLocation="https://maven.apache.org/surefire/maven-surefire-plugin/xsd/surefire-test-report-3.0.xsd" version="3.0" name="myCucumberTest.RunCucumberTest" time="47.614" tests="5" errors="0" skipped="0" failures="0">
  <properties>
    <property name="java.specification.version" value="13"/>
    <property name="webdriver.chrome.driver" value="C:\Users\Bibhuti Panigrahi\.cache\selenium\chromedriver\win32\97.0.4692.71\chromedriver.exe"/>
    <property name="sun.cpu.isalist" value="amd64"/>
    <property name="sun.jnu.encoding" value="Cp1252"/>
    <property name="java.class.path" value="C:\JavaProject\myCucumberTest\target\test-classes;C:\JavaProject\myCucumberTest\target\classes;C:\Users\Bibhuti Panigrahi\.m2\repository\io\cucumber\cucumber-java\7.0.0\cucumber-java-7.0.0.jar;C:\Users\Bibhuti Panigrahi\.m2\repository\io\cucumber\cucumber-core\7.0.0\cucumber-core-7.0.0.jar;C:\Users\Bibhuti Panigrahi\.m2\repository\io\cucumber\cucumber-gherkin\7.0.0\cucumber-gherkin-7.0.0.jar;C:\Users\Bibhuti Panigrahi\.m2\repository\io\cucumber\cucumber-gherkin-messages\7.0.0\cucumber-gherkin-messages-7.0.0.jar;C:\Users\Bibhuti Panigrahi\.m2\repository\io\cucumber\messages\17.1.1\messages-17.1.1.jar;C:\Users\Bibhuti Panigrahi\.m2\repository\io\cucumber\tag-expressions\4.0.2\tag-expressions-4.0.2.jar;C:\Users\Bibhuti Panigrahi\.m2\repository\io\cucumber\cucumber-expressions\13.0.1\cucumber-expressions-13.0.1.jar;C:\Users\Bibhuti Panigrahi\.m2\repository\io\cucumber\datatable\7.0.0\datatable-7.0.0.jar;C:\Users\Bibhuti Panigrahi\.m2\repository\io\cucumber\cucumber-plugin\7.0.0\cucumber-plugin-7.0.0.jar;C:\Users\Bibhuti Panigrahi\.m2\repository\io\cucumber\docstring\7.0.0\docstring-7.0.0.jar;C:\Users\Bibhuti Panigrahi\.m2\repository\io\cucumber\html-formatter\17.0.0\html-formatter-17.0.0.jar;C:\Users\Bibhuti Panigrahi\.m2\repository\io\cucumber\create-meta\6.0.1\create-meta-6.0.1.jar;C:\Users\Bibhuti Panigrahi\.m2\repository\org\apiguardian\apiguardian-api\1.1.2\apiguardian-api-1.1.2.jar;C:\Users\Bibhuti Panigrahi\.m2\repository\io\cucumber\cucumber-junit-platform-engine\7.0.0\cucumber-junit-platform-engine-7.0.0.jar;C:\Users\Bibhuti Panigrahi\.m2\repository\org\junit\platform\junit-platform-engine\1.8.1\junit-platform-engine-1.8.1.jar;C:\Users\Bibhuti Panigrahi\.m2\repository\org\opentest4j\opentest4j\1.2.0\opentest4j-1.2.0.jar;C:\Users\Bibhuti Panigrahi\.m2\repository\org\junit\platform\junit-platform-commons\1.8.1\junit-platform-commons-1.8.1.jar;C:\Users\Bibhuti Panigrahi\.m2\repository\org\junit\platform\junit-platform-suite\1.8.1\junit-platform-suite-1.8.1.jar;C:\Users\Bibhuti Panigrahi\.m2\repository\org\junit\platform\junit-platform-suite-api\1.8.1\junit-platform-suite-api-1.8.1.jar;C:\Users\Bibhuti Panigrahi\.m2\repository\org\junit\platform\junit-platform-suite-engine\1.8.1\junit-platform-suite-engine-1.8.1.jar;C:\Users\Bibhuti Panigrahi\.m2\repository\org\junit\platform\junit-platform-suite-commons\1.8.1\junit-platform-suite-commons-1.8.1.jar;C:\Users\Bibhuti Panigrahi\.m2\repository\org\junit\platform\junit-platform-launcher\1.8.1\junit-platform-launcher-1.8.1.jar;C:\Users\Bibhuti Panigrahi\.m2\repository\org\junit\jupiter\junit-jupiter\5.8.1\junit-jupiter-5.8.1.jar;C:\Users\Bibhuti Panigrahi\.m2\repository\org\junit\jupiter\junit-jupiter-api\5.8.1\junit-jupiter-api-5.8.1.jar;C:\Users\Bibhuti Panigrahi\.m2\repository\org\junit\jupiter\junit-jupiter-params\5.8.1\junit-jupiter-params-5.8.1.jar;C:\Users\Bibhuti Panigrahi\.m2\repository\org\junit\jupiter\junit-jupiter-engine\5.8.1\junit-jupiter-engine-5.8.1.jar;C:\Users\Bibhuti Panigrahi\.m2\repository\org\seleniumhq\selenium\selenium-java\4.0.0\selenium-java-4.0.0.jar;C:\Users\Bibhuti Panigrahi\.m2\repository\org\seleniumhq\selenium\selenium-api\4.0.0\selenium-api-4.0.0.jar;C:\Users\Bibhuti Panigrahi\.m2\repository\org\seleniumhq\selenium\selenium-chrome-driver\4.0.0\selenium-chrome-driver-4.0.0.jar;C:\Users\Bibhuti Panigrahi\.m2\repository\com\google\auto\service\auto-service-annotations\1.0\auto-service-annotations-1.0.jar;C:\Users\Bibhuti Panigrahi\.m2\repository\com\google\auto\service\auto-service\1.0\auto-service-1.0.jar;C:\Users\Bibhuti Panigrahi\.m2\repository\com\google\auto\auto-common\1.0\auto-common-1.0.jar;C:\Users\Bibhuti Panigrahi\.m2\repository\org\seleniumhq\selenium\selenium-chromium-driver\4.0.0\selenium-chromium-driver-4.0.0.jar;C:\Users\Bibhuti Panigrahi\.m2\repository\org\seleniumhq\selenium\selenium-json\4.0.0\selenium-json-4.0.0.jar;C:\Users\Bibhuti Panigrahi\.m2\repository\org\seleniumhq\selenium\selenium-devtools-v85\4.0.0\selenium-devtools-v85-4.0.0.jar;C:\Users\Bibhuti Panigrahi\.m2\repository\org\seleniumhq\selenium\selenium-devtools-v93\4.0.0\selenium-devtools-v93-4.0.0.jar;C:\Users\Bibhuti Panigrahi\.m2\repository\org\seleniumhq\selenium\selenium-devtools-v94\4.0.0\selenium-devtools-v94-4.0.0.jar;C:\Users\Bibhuti Panigrahi\.m2\repository\org\seleniumhq\selenium\selenium-devtools-v95\4.0.0\selenium-devtools-v95-4.0.0.jar;C:\Users\Bibhuti Panigrahi\.m2\repository\org\seleniumhq\selenium\selenium-edge-driver\4.0.0\selenium-edge-driver-4.0.0.jar;C:\Users\Bibhuti Panigrahi\.m2\repository\org\seleniumhq\selenium\selenium-firefox-driver\4.0.0\selenium-firefox-driver-4.0.0.jar;C:\Users\Bibhuti Panigrahi\.m2\repository\org\seleniumhq\selenium\selenium-firefox-xpi-driver\4.0.0\selenium-firefox-xpi-driver-4.0.0.jar;C:\Users\Bibhuti Panigrahi\.m2\repository\org\seleniumhq\selenium\selenium-ie-driver\4.0.0\selenium-ie-driver-4.0.0.jar;C:\Users\Bibhuti Panigrahi\.m2\repository\org\seleniumhq\selenium\selenium-opera-driver\4.0.0\selenium-opera-driver-4.0.0.jar;C:\Users\Bibhuti Panigrahi\.m2\repository\org\seleniumhq\selenium\selenium-remote-driver\4.0.0\selenium-remote-driver-4.0.0.jar;C:\Users\Bibhuti Panigrahi\.m2\repository\com\beust\jcommander\1.81\jcommander-1.81.jar;C:\Users\Bibhuti Panigrahi\.m2\repository\io\netty\netty-buffer\4.1.68.Final\netty-buffer-4.1.68.Final.jar;C:\Users\Bibhuti Panigrahi\.m2\repository\io\netty\netty-codec-http\4.1.67.Final\netty-codec-http-4.1.67.Final.jar;C:\Users\Bibhuti Panigrahi\.m2\repository\io\netty\netty-codec\4.1.67.Final\netty-codec-4.1.67.Final.jar;C:\Users\Bibhuti Panigrahi\.m2\repository\io\netty\netty-handler\4.1.67.Final\netty-handler-4.1.67.Final.jar;C:\Users\Bibhuti Panigrahi\.m2\repository\io\netty\netty-common\4.1.68.Final\netty-common-4.1.68.Final.jar;C:\Users\Bibhuti Panigrahi\.m2\repository\io\netty\netty-transport-native-epoll\4.1.67.Final\netty-transport-native-epoll-4.1.67.Final.jar;C:\Users\Bibhuti Panigrahi\.m2\repository\io\netty\netty-transport-native-kqueue\4.1.67.Final\netty-transport-native-kqueue-4.1.67.Final.jar;C:\Users\Bibhuti Panigrahi\.m2\repository\io\netty\netty-transport-native-unix-common\4.1.67.Final\netty-transport-native-unix-common-4.1.67.Final.jar;C:\Users\Bibhuti Panigrahi\.m2\repository\io\netty\netty-transport\4.1.68.Final\netty-transport-4.1.68.Final.jar;C:\Users\Bibhuti Panigrahi\.m2\repository\io\netty\netty-resolver\4.1.68.Final\netty-resolver-4.1.68.Final.jar;C:\Users\Bibhuti Panigrahi\.m2\repository\io\opentelemetry\opentelemetry-api\1.6.0\opentelemetry-api-1.6.0.jar;C:\Users\Bibhuti Panigrahi\.m2\repository\io\opentelemetry\opentelemetry-context\1.6.0\opentelemetry-context-1.6.0.jar;C:\Users\Bibhuti Panigrahi\.m2\repository\io\opentelemetry\opentelemetry-exporter-logging\1.6.0\opentelemetry-exporter-logging-1.6.0.jar;C:\Users\Bibhuti Panigrahi\.m2\repository\io\opentelemetry\opentelemetry-sdk-metrics\1.6.0-alpha\opentelemetry-sdk-metrics-1.6.0-alpha.jar;C:\Users\Bibhuti Panigrahi\.m2\repository\io\opentelemetry\opentelemetry-sdk-common\1.6.0\opentelemetry-sdk-common-1.6.0.jar;C:\Users\Bibhuti Panigrahi\.m2\repository\io\opentelemetry\opentelemetry-sdk-extension-autoconfigure-spi\1.6.0\opentelemetry-sdk-extension-autoconfigure-spi-1.6.0.jar;C:\Users\Bibhuti Panigrahi\.m2\repository\io\opentelemetry\opentelemetry-sdk-extension-autoconfigure\1.6.0-alpha\opentelemetry-sdk-extension-autoconfigure-1.6.0-alpha.jar;C:\Users\Bibhuti Panigrahi\.m2\repository\io\opentelemetry\opentelemetry-sdk-trace\1.6.0\opentelemetry-sdk-trace-1.6.0.jar;C:\Users\Bibhuti Panigrahi\.m2\repository\io\opentelemetry\opentelemetry-api-metrics\1.6.0-alpha\opentelemetry-api-metrics-1.6.0-alpha.jar;C:\Users\Bibhuti Panigrahi\.m2\repository\io\opentelemetry\opentelemetry-sdk\1.6.0\opentelemetry-sdk-1.6.0.jar;C:\Users\Bibhuti Panigrahi\.m2\repository\io\opentelemetry\opentelemetry-semconv\1.6.0-alpha\opentelemetry-semconv-1.6.0-alpha.jar;C:\Users\Bibhuti Panigrahi\.m2\repository\io\ous\jtoml\2.0.0\jtoml-2.0.0.jar;C:\Users\Bibhuti Panigrahi\.m2\repository\net\bytebuddy\byte-buddy\1.11.19\byte-buddy-1.11.19.jar;C:\Users\Bibhuti Panigrahi\.m2\repository\org\apache\commons\commons-exec\1.3\commons-exec-1.3.jar;C:\Users\Bibhuti Panigrahi\.m2\repository\org\asynchttpclient\async-http-client\2.12.3\async-http-client-2.12.3.jar;C:\Users\Bibhuti Panigrahi\.m2\repository\org\asynchttpclient\async-http-client-netty-utils\2.12.3\async-http-client-netty-utils-2.12.3.jar;C:\Users\Bibhuti Panigrahi\.m2\repository\io\netty\netty-codec-socks\4.1.60.Final\netty-codec-socks-4.1.60.Final.jar;C:\Users\Bibhuti Panigrahi\.m2\repository\io\netty\netty-handler-proxy\4.1.60.Final\netty-handler-proxy-4.1.60.Final.jar;C:\Users\Bibhuti Panigrahi\.m2\repository\io\netty\netty-transport-native-epoll\4.1.60.Final\netty-transport-native-epoll-4.1.60.Final-linux-x86_64.jar;C:\Users\Bibhuti Panigrahi\.m2\repository\io\netty\netty-transport-native-kqueue\4.1.60.Final\netty-transport-native-kqueue-4.1.60.Final-osx-x86_64.jar;C:\Users\Bibhuti Panigrahi\.m2\repository\org\reactivestreams\reactive-streams\1.0.3\reactive-streams-1.0.3.jar;C:\Users\Bibhuti Panigrahi\.m2\repository\com\typesafe\netty\netty-reactive-streams\2.0.4\netty-reactive-streams-2.0.4.jar;C:\Users\Bibhuti Panigrahi\.m2\repository\com\sun\activation\jakarta.activation\1.2.2\jakarta.activation-1.2.2.jar;C:\Users\Bibhuti Panigrahi\.m2\repository\org\seleniumhq\selenium\selenium-http\4.0.0\selenium-http-4.0.0.jar;C:\Users\Bibhuti Panigrahi\.m2\repository\org\seleniumhq\selenium\selenium-safari-driver\4.0.0\selenium-safari-driver-4.0.0.jar;C:\Users\Bibhuti Panigrahi\.m2\repository\org\seleniumhq\selenium\selenium-support\4.0.0\selenium-support-4.0.0.jar;C:\Users\Bibhuti Panigrahi\.m2\repository\io\github\bonigarcia\webdrivermanager\5.0.3\webdrivermanager-5.0.3.jar;C:\Users\Bibhuti Panigrahi\.m2\repository\org\slf4j\slf4j-api\1.7.32\slf4j-api-1.7.32.jar;C:\Users\Bibhuti Panigrahi\.m2\repository\com\google\code\gson\gson\2.8.8\gson-2.8.8.jar;C:\Users\Bibhuti Panigrahi\.m2\repository\org\jsoup\jsoup\1.14.2\jsoup-1.14.2.jar;C:\Users\Bibhuti Panigrahi\.m2\repository\com\github\docker-java\docker-java\3.2.12\docker-java-3.2.12.jar;C:\Users\Bibhuti Panigrahi\.m2\repository\com\github\docker-java\docker-java-core\3.2.12\docker-java-core-3.2.12.jar;C:\Users\Bibhuti Panigrahi\.m2\repository\com\github\docker-java\docker-java-api\3.2.12\docker-java-api-3.2.12.jar;C:\Users\Bibhuti Panigrahi\.m2\repository\com\fasterxml\jackson\core\jackson-annotations\2.10.3\jackson-annotations-2.10.3.jar;C:\Users\Bibhuti Panigrahi\.m2\repository\commons-io\commons-io\2.6\commons-io-2.6.jar;C:\Users\Bibhuti Panigrahi\.m2\repository\org\apache\commons\commons-compress\1.21\commons-compress-1.21.jar;C:\Users\Bibhuti Panigrahi\.m2\repository\commons-lang\commons-lang\2.6\commons-lang-2.6.jar;C:\Users\Bibhuti Panigrahi\.m2\repository\com\fasterxml\jackson\core\jackson-databind\2.10.3\jackson-databind-2.10.3.jar;C:\Users\Bibhuti Panigrahi\.m2\repository\com\fasterxml\jackson\core\jackson-core\2.10.3\jackson-core-2.10.3.jar;C:\Users\Bibhuti Panigrahi\.m2\repository\org\bouncycastle\bcpkix-jdk15on\1.64\bcpkix-jdk15on-1.64.jar;C:\Users\Bibhuti Panigrahi\.m2\repository\org\bouncycastle\bcprov-jdk15on\1.64\bcprov-jdk15on-1.64.jar;C:\Users\Bibhuti Panigrahi\.m2\repository\org\slf4j\jcl-over-slf4j\1.7.30\jcl-over-slf4j-1.7.30.jar;C:\Users\Bibhuti Panigrahi\.m2\repository\com\github\docker-java\docker-java-transport-httpclient5\3.2.12\docker-java-transport-httpclient5-3.2.12.jar;C:\Users\Bibhuti Panigrahi\.m2\repository\com\github\docker-java\docker-java-transport\3.2.12\docker-java-transport-3.2.12.jar;C:\Users\Bibhuti Panigrahi\.m2\repository\org\apache\httpcomponents\client5\httpclient5\5.0.3\httpclient5-5.0.3.jar;C:\Users\Bibhuti Panigrahi\.m2\repository\org\apache\httpcomponents\core5\httpcore5\5.0.2\httpcore5-5.0.2.jar;C:\Users\Bibhuti Panigrahi\.m2\repository\commons-codec\commons-codec\1.13\commons-codec-1.13.jar;C:\Users\Bibhuti Panigrahi\.m2\repository\net\java\dev\jna\jna\5.8.0\jna-5.8.0.jar;C:\Users\Bibhuti Panigrahi\.m2\repository\com\google\guava\guava\30.1.1-jre\guava-30.1.1-jre.jar;C:\Users\Bibhuti Panigrahi\.m2\repository\com\google\guava\failureaccess\1.0.1\failureaccess-1.0.1.jar;C:\Users\Bibhuti Panigrahi\.m2\repository\com\google\guava\listenablefuture\9999.0-empty-to-avoid-conflict-with-guava\listenablefuture-9999.0-empty-to-avoid-conflict-with-guava.jar;C:\Users\Bibhuti Panigrahi\.m2\repository\com\google\code\findbugs\jsr305\3.0.2\jsr305-3.0.2.jar;C:\Users\Bibhuti Panigrahi\.m2\repository\org\checkerframework\checker-qual\3.8.0\checker-qual-3.8.0.jar;C:\Users\Bibhuti Panigrahi\.m2\repository\com\google\errorprone\error_prone_annotations\2.5.1\error_prone_annotations-2.5.1.jar;C:\Users\Bibhuti Panigrahi\.m2\repository\com\google\j2objc\j2objc-annotations\1.3\j2objc-annotations-1.3.jar;C:\Users\Bibhuti Panigrahi\.m2\repository\org\brotli\dec\0.1.2\dec-0.1.2.jar;"/>
    <property name="java.vm.vendor" value="AdoptOpenJDK"/>
    <property name="sun.arch.data.model" value="64"/>
    <property name="user.variant" value=""/>
    <property name="java.vendor.url" value="https://adoptopenjdk.net/"/>
    <property name="user.timezone" value="Asia/Calcutta"/>
    <property name="os.name" value="Windows 10"/>
    <property name="java.vm.specification.version" value="13"/>
    <property name="sun.java.launcher" value="SUN_STANDARD"/>
    <property name="user.country" value="GB"/>
    <property name="sun.boot.library.path" value="C:\Program Files\AdoptOpenJDK\jdk-13.0.1.9-hotspot\bin"/>
    <property name="sun.java.command" value="C:\Users\Bibhuti Panigrahi\AppData\Local\Temp\surefire1979467646084954643\surefirebooter11949060593767665242.jar C:\Users\Bibhuti Panigrahi\AppData\Local\Temp\surefire1979467646084954643 2022-01-25T02-40-05_682-jvmRun1 surefire7052206209712125072tmp surefire_010890285160113592872tmp"/>
    <property name="jdk.debug" value="release"/>
    <property name="surefire.test.class.path" value="C:\JavaProject\myCucumberTest\target\test-classes;C:\JavaProject\myCucumberTest\target\classes;C:\Users\Bibhuti Panigrahi\.m2\repository\io\cucumber\cucumber-java\7.0.0\cucumber-java-7.0.0.jar;C:\Users\Bibhuti Panigrahi\.m2\repository\io\cucumber\cucumber-core\7.0.0\cucumber-core-7.0.0.jar;C:\Users\Bibhuti Panigrahi\.m2\repository\io\cucumber\cucumber-gherkin\7.0.0\cucumber-gherkin-7.0.0.jar;C:\Users\Bibhuti Panigrahi\.m2\repository\io\cucumber\cucumber-gherkin-messages\7.0.0\cucumber-gherkin-messages-7.0.0.jar;C:\Users\Bibhuti Panigrahi\.m2\repository\io\cucumber\messages\17.1.1\messages-17.1.1.jar;C:\Users\Bibhuti Panigrahi\.m2\repository\io\cucumber\tag-expressions\4.0.2\tag-expressions-4.0.2.jar;C:\Users\Bibhuti Panigrahi\.m2\repository\io\cucumber\cucumber-expressions\13.0.1\cucumber-expressions-13.0.1.jar;C:\Users\Bibhuti Panigrahi\.m2\repository\io\cucumber\datatable\7.0.0\datatable-7.0.0.jar;C:\Users\Bibhuti Panigrahi\.m2\repository\io\cucumber\cucumber-plugin\7.0.0\cucumber-plugin-7.0.0.jar;C:\Users\Bibhuti Panigrahi\.m2\repository\io\cucumber\docstring\7.0.0\docstring-7.0.0.jar;C:\Users\Bibhuti Panigrahi\.m2\repository\io\cucumber\html-formatter\17.0.0\html-formatter-17.0.0.jar;C:\Users\Bibhuti Panigrahi\.m2\repository\io\cucumber\create-meta\6.0.1\create-meta-6.0.1.jar;C:\Users\Bibhuti Panigrahi\.m2\repository\org\apiguardian\apiguardian-api\1.1.2\apiguardian-api-1.1.2.jar;C:\Users\Bibhuti Panigrahi\.m2\repository\io\cucumber\cucumber-junit-platform-engine\7.0.0\cucumber-junit-platform-engine-7.0.0.jar;C:\Users\Bibhuti Panigrahi\.m2\repository\org\junit\platform\junit-platform-engine\1.8.1\junit-platform-engine-1.8.1.jar;C:\Users\Bibhuti Panigrahi\.m2\repository\org\opentest4j\opentest4j\1.2.0\opentest4j-1.2.0.jar;C:\Users\Bibhuti Panigrahi\.m2\repository\org\junit\platform\junit-platform-commons\1.8.1\junit-platform-commons-1.8.1.jar;C:\Users\Bibhuti Panigrahi\.m2\repository\org\junit\platform\junit-platform-suite\1.8.1\junit-platform-suite-1.8.1.jar;C:\Users\Bibhuti Panigrahi\.m2\repository\org\junit\platform\junit-platform-suite-api\1.8.1\junit-platform-suite-api-1.8.1.jar;C:\Users\Bibhuti Panigrahi\.m2\repository\org\junit\platform\junit-platform-suite-engine\1.8.1\junit-platform-suite-engine-1.8.1.jar;C:\Users\Bibhuti Panigrahi\.m2\repository\org\junit\platform\junit-platform-suite-commons\1.8.1\junit-platform-suite-commons-1.8.1.jar;C:\Users\Bibhuti Panigrahi\.m2\repository\org\junit\platform\junit-platform-launcher\1.8.1\junit-platform-launcher-1.8.1.jar;C:\Users\Bibhuti Panigrahi\.m2\repository\org\junit\jupiter\junit-jupiter\5.8.1\junit-jupiter-5.8.1.jar;C:\Users\Bibhuti Panigrahi\.m2\repository\org\junit\jupiter\junit-jupiter-api\5.8.1\junit-jupiter-api-5.8.1.jar;C:\Users\Bibhuti Panigrahi\.m2\repository\org\junit\jupiter\junit-jupiter-params\5.8.1\junit-jupiter-params-5.8.1.jar;C:\Users\Bibhuti Panigrahi\.m2\repository\org\junit\jupiter\junit-jupiter-engine\5.8.1\junit-jupiter-engine-5.8.1.jar;C:\Users\Bibhuti Panigrahi\.m2\repository\org\seleniumhq\selenium\selenium-java\4.0.0\selenium-java-4.0.0.jar;C:\Users\Bibhuti Panigrahi\.m2\repository\org\seleniumhq\selenium\selenium-api\4.0.0\selenium-api-4.0.0.jar;C:\Users\Bibhuti Panigrahi\.m2\repository\org\seleniumhq\selenium\selenium-chrome-driver\4.0.0\selenium-chrome-driver-4.0.0.jar;C:\Users\Bibhuti Panigrahi\.m2\repository\com\google\auto\service\auto-service-annotations\1.0\auto-service-annotations-1.0.jar;C:\Users\Bibhuti Panigrahi\.m2\repository\com\google\auto\service\auto-service\1.0\auto-service-1.0.jar;C:\Users\Bibhuti Panigrahi\.m2\repository\com\google\auto\auto-common\1.0\auto-common-1.0.jar;C:\Users\Bibhuti Panigrahi\.m2\repository\org\seleniumhq\selenium\selenium-chromium-driver\4.0.0\selenium-chromium-driver-4.0.0.jar;C:\Users\Bibhuti Panigrahi\.m2\repository\org\seleniumhq\selenium\selenium-json\4.0.0\selenium-json-4.0.0.jar;C:\Users\Bibhuti Panigrahi\.m2\repository\org\seleniumhq\selenium\selenium-devtools-v85\4.0.0\selenium-devtools-v85-4.0.0.jar;C:\Users\Bibhuti Panigrahi\.m2\repository\org\seleniumhq\selenium\selenium-devtools-v93\4.0.0\selenium-devtools-v93-4.0.0.jar;C:\Users\Bibhuti Panigrahi\.m2\repository\org\seleniumhq\selenium\selenium-devtools-v94\4.0.0\selenium-devtools-v94-4.0.0.jar;C:\Users\Bibhuti Panigrahi\.m2\repository\org\seleniumhq\selenium\selenium-devtools-v95\4.0.0\selenium-devtools-v95-4.0.0.jar;C:\Users\Bibhuti Panigrahi\.m2\repository\org\seleniumhq\selenium\selenium-edge-driver\4.0.0\selenium-edge-driver-4.0.0.jar;C:\Users\Bibhuti Panigrahi\.m2\repository\org\seleniumhq\selenium\selenium-firefox-driver\4.0.0\selenium-firefox-driver-4.0.0.jar;C:\Users\Bibhuti Panigrahi\.m2\repository\org\seleniumhq\selenium\selenium-firefox-xpi-driver\4.0.0\selenium-firefox-xpi-driver-4.0.0.jar;C:\Users\Bibhuti Panigrahi\.m2\repository\org\seleniumhq\selenium\selenium-ie-driver\4.0.0\selenium-ie-driver-4.0.0.jar;C:\Users\Bibhuti Panigrahi\.m2\repository\org\seleniumhq\selenium\selenium-opera-driver\4.0.0\selenium-opera-driver-4.0.0.jar;C:\Users\Bibhuti Panigrahi\.m2\repository\org\seleniumhq\selenium\selenium-remote-driver\4.0.0\selenium-remote-driver-4.0.0.jar;C:\Users\Bibhuti Panigrahi\.m2\repository\com\beust\jcommander\1.81\jcommander-1.81.jar;C:\Users\Bibhuti Panigrahi\.m2\repository\io\netty\netty-buffer\4.1.68.Final\netty-buffer-4.1.68.Final.jar;C:\Users\Bibhuti Panigrahi\.m2\repository\io\netty\netty-codec-http\4.1.67.Final\netty-codec-http-4.1.67.Final.jar;C:\Users\Bibhuti Panigrahi\.m2\repository\io\netty\netty-codec\4.1.67.Final\netty-codec-4.1.67.Final.jar;C:\Users\Bibhuti Panigrahi\.m2\repository\io\netty\netty-handler\4.1.67.Final\netty-handler-4.1.67.Final.jar;C:\Users\Bibhuti Panigrahi\.m2\repository\io\netty\netty-common\4.1.68.Final\netty-common-4.1.68.Final.jar;C:\Users\Bibhuti Panigrahi\.m2\repository\io\netty\netty-transport-native-epoll\4.1.67.Final\netty-transport-native-epoll-4.1.67.Final.jar;C:\Users\Bibhuti Panigrahi\.m2\repository\io\netty\netty-transport-native-kqueue\4.1.67.Final\netty-transport-native-kqueue-4.1.67.Final.jar;C:\Users\Bibhuti Panigrahi\.m2\repository\io\netty\netty-transport-native-unix-common\4.1.67.Final\netty-transport-native-unix-common-4.1.67.Final.jar;C:\Users\Bibhuti Panigrahi\.m2\repository\io\netty\netty-transport\4.1.68.Final\netty-transport-4.1.68.Final.jar;C:\Users\Bibhuti Panigrahi\.m2\repository\io\netty\netty-resolver\4.1.68.Final\netty-resolver-4.1.68.Final.jar;C:\Users\Bibhuti Panigrahi\.m2\repository\io\opentelemetry\opentelemetry-api\1.6.0\opentelemetry-api-1.6.0.jar;C:\Users\Bibhuti Panigrahi\.m2\repository\io\opentelemetry\opentelemetry-context\1.6.0\opentelemetry-context-1.6.0.jar;C:\Users\Bibhuti Panigrahi\.m2\repository\io\opentelemetry\opentelemetry-exporter-logging\1.6.0\opentelemetry-exporter-logging-1.6.0.jar;C:\Users\Bibhuti Panigrahi\.m2\repository\io\opentelemetry\opentelemetry-sdk-metrics\1.6.0-alpha\opentelemetry-sdk-metrics-1.6.0-alpha.jar;C:\Users\Bibhuti Panigrahi\.m2\repository\io\opentelemetry\opentelemetry-sdk-common\1.6.0\opentelemetry-sdk-common-1.6.0.jar;C:\Users\Bibhuti Panigrahi\.m2\repository\io\opentelemetry\opentelemetry-sdk-extension-autoconfigure-spi\1.6.0\opentelemetry-sdk-extension-autoconfigure-spi-1.6.0.jar;C:\Users\Bibhuti Panigrahi\.m2\repository\io\opentelemetry\opentelemetry-sdk-extension-autoconfigure\1.6.0-alpha\opentelemetry-sdk-extension-autoconfigure-1.6.0-alpha.jar;C:\Users\Bibhuti Panigrahi\.m2\repository\io\opentelemetry\opentelemetry-sdk-trace\1.6.0\opentelemetry-sdk-trace-1.6.0.jar;C:\Users\Bibhuti Panigrahi\.m2\repository\io\opentelemetry\opentelemetry-api-metrics\1.6.0-alpha\opentelemetry-api-metrics-1.6.0-alpha.jar;C:\Users\Bibhuti Panigrahi\.m2\repository\io\opentelemetry\opentelemetry-sdk\1.6.0\opentelemetry-sdk-1.6.0.jar;C:\Users\Bibhuti Panigrahi\.m2\repository\io\opentelemetry\opentelemetry-semconv\1.6.0-alpha\opentelemetry-semconv-1.6.0-alpha.jar;C:\Users\Bibhuti Panigrahi\.m2\repository\io\ous\jtoml\2.0.0\jtoml-2.0.0.jar;C:\Users\Bibhuti Panigrahi\.m2\repository\net\bytebuddy\byte-buddy\1.11.19\byte-buddy-1.11.19.jar;C:\Users\Bibhuti Panigrahi\.m2\repository\org\apache\commons\commons-exec\1.3\commons-exec-1.3.jar;C:\Users\Bibhuti Panigrahi\.m2\repository\org\asynchttpclient\async-http-client\2.12.3\async-http-client-2.12.3.jar;C:\Users\Bibhuti Panigrahi\.m2\repository\org\asynchttpclient\async-http-client-netty-utils\2.12.3\async-http-client-netty-utils-2.12.3.jar;C:\Users\Bibhuti Panigrahi\.m2\repository\io\netty\netty-codec-socks\4.1.60.Final\netty-codec-socks-4.1.60.Final.jar;C:\Users\Bibhuti Panigrahi\.m2\repository\io\netty\netty-handler-proxy\4.1.60.Final\netty-handler-proxy-4.1.60.Final.jar;C:\Users\Bibhuti Panigrahi\.m2\repository\io\netty\netty-transport-native-epoll\4.1.60.Final\netty-transport-native-epoll-4.1.60.Final-linux-x86_64.jar;C:\Users\Bibhuti Panigrahi\.m2\repository\io\netty\netty-transport-native-kqueue\4.1.60.Final\netty-transport-native-kqueue-4.1.60.Final-osx-x86_64.jar;C:\Users\Bibhuti Panigrahi\.m2\repository\org\reactivestreams\reactive-streams\1.0.3\reactive-streams-1.0.3.jar;C:\Users\Bibhuti Panigrahi\.m2\repository\com\typesafe\netty\netty-reactive-streams\2.0.4\netty-reactive-streams-2.0.4.jar;C:\Users\Bibhuti Panigrahi\.m2\repository\com\sun\activation\jakarta.activation\1.2.2\jakarta.activation-1.2.2.jar;C:\Users\Bibhuti Panigrahi\.m2\repository\org\seleniumhq\selenium\selenium-http\4.0.0\selenium-http-4.0.0.jar;C:\Users\Bibhuti Panigrahi\.m2\repository\org\seleniumhq\selenium\selenium-safari-driver\4.0.0\selenium-safari-driver-4.0.0.jar;C:\Users\Bibhuti Panigrahi\.m2\repository\org\seleniumhq\selenium\selenium-support\4.0.0\selenium-support-4.0.0.jar;C:\Users\Bibhuti Panigrahi\.m2\repository\io\github\bonigarcia\webdrivermanager\5.0.3\webdrivermanager-5.0.3.jar;C:\Users\Bibhuti Panigrahi\.m2\repository\org\slf4j\slf4j-api\1.7.32\slf4j-api-1.7.32.jar;C:\Users\Bibhuti Panigrahi\.m2\repository\com\google\code\gson\gson\2.8.8\gson-2.8.8.jar;C:\Users\Bibhuti Panigrahi\.m2\repository\org\jsoup\jsoup\1.14.2\jsoup-1.14.2.jar;C:\Users\Bibhuti Panigrahi\.m2\repository\com\github\docker-java\docker-java\3.2.12\docker-java-3.2.12.jar;C:\Users\Bibhuti Panigrahi\.m2\repository\com\github\docker-java\docker-java-core\3.2.12\docker-java-core-3.2.12.jar;C:\Users\Bibhuti Panigrahi\.m2\repository\com\github\docker-java\docker-java-api\3.2.12\docker-java-api-3.2.12.jar;C:\Users\Bibhuti Panigrahi\.m2\repository\com\fasterxml\jackson\core\jackson-annotations\2.10.3\jackson-annotations-2.10.3.jar;C:\Users\Bibhuti Panigrahi\.m2\repository\commons-io\commons-io\2.6\commons-io-2.6.jar;C:\Users\Bibhuti Panigrahi\.m2\repository\org\apache\commons\commons-compress\1.21\commons-compress-1.21.jar;C:\Users\Bibhuti Panigrahi\.m2\repository\commons-lang\commons-lang\2.6\commons-lang-2.6.jar;C:\Users\Bibhuti Panigrahi\.m2\repository\com\fasterxml\jackson\core\jackson-databind\2.10.3\jackson-databind-2.10.3.jar;C:\Users\Bibhuti Panigrahi\.m2\repository\com\fasterxml\jackson\core\jackson-core\2.10.3\jackson-core-2.10.3.jar;C:\Users\Bibhuti Panigrahi\.m2\repository\org\bouncycastle\bcpkix-jdk15on\1.64\bcpkix-jdk15on-1.64.jar;C:\Users\Bibhuti Panigrahi\.m2\repository\org\bouncycastle\bcprov-jdk15on\1.64\bcprov-jdk15on-1.64.jar;C:\Users\Bibhuti Panigrahi\.m2\repository\org\slf4j\jcl-over-slf4j\1.7.30\jcl-over-slf4j-1.7.30.jar;C:\Users\Bibhuti Panigrahi\.m2\repository\com\github\docker-java\docker-java-transport-httpclient5\3.2.12\docker-java-transport-httpclient5-3.2.12.jar;C:\Users\Bibhuti Panigrahi\.m2\repository\com\github\docker-java\docker-java-transport\3.2.12\docker-java-transport-3.2.12.jar;C:\Users\Bibhuti Panigrahi\.m2\repository\org\apache\httpcomponents\client5\httpclient5\5.0.3\httpclient5-5.0.3.jar;C:\Users\Bibhuti Panigrahi\.m2\repository\org\apache\httpcomponents\core5\httpcore5\5.0.2\httpcore5-5.0.2.jar;C:\Users\Bibhuti Panigrahi\.m2\repository\commons-codec\commons-codec\1.13\commons-codec-1.13.jar;C:\Users\Bibhuti Panigrahi\.m2\repository\net\java\dev\jna\jna\5.8.0\jna-5.8.0.jar;C:\Users\Bibhuti Panigrahi\.m2\repository\com\google\guava\guava\30.1.1-jre\guava-30.1.1-jre.jar;C:\Users\Bibhuti Panigrahi\.m2\repository\com\google\guava\failureaccess\1.0.1\failureaccess-1.0.1.jar;C:\Users\Bibhuti Panigrahi\.m2\repository\com\google\guava\listenablefuture\9999.0-empty-to-avoid-conflict-with-guava\listenablefuture-9999.0-empty-to-avoid-conflict-with-guava.jar;C:\Users\Bibhuti Panigrahi\.m2\repository\com\google\code\findbugs\jsr305\3.0.2\jsr305-3.0.2.jar;C:\Users\Bibhuti Panigrahi\.m2\repository\org\checkerframework\checker-qual\3.8.0\checker-qual-3.8.0.jar;C:\Users\Bibhuti Panigrahi\.m2\repository\com\google\errorprone\error_prone_annotations\2.5.1\error_prone_annotations-2.5.1.jar;C:\Users\Bibhuti Panigrahi\.m2\repository\com\google\j2objc\j2objc-annotations\1.3\j2objc-annotations-1.3.jar;C:\Users\Bibhuti Panigrahi\.m2\repository\org\brotli\dec\0.1.2\dec-0.1.2.jar;"/>
    <property name="sun.cpu.endian" value="little"/>
    <property name="user.home" value="C:\Users\Bibhuti Panigrahi"/>
    <property name="user.language" value="en"/>
    <property name="java.specification.vendor" value="Oracle Corporation"/>
    <property name="java.version.date" value="2019-10-15"/>
    <property name="java.home" value="C:\Program Files\AdoptOpenJDK\jdk-13.0.1.9-hotspot"/>
    <property name="file.separator" value="\"/>
    <property name="basedir" value="C:\JavaProject\myCucumberTest"/>
    <property name="java.vm.compressedOopsMode" value="32-bit"/>
    <property name="line.separator" value="&#10;"/>
    <property name="java.vm.specification.vendor" value="Oracle Corporation"/>
    <property name="java.specification.name" value="Java Platform API Specification"/>
    <property name="surefire.real.class.path" value="C:\Users\Bibhuti Panigrahi\AppData\Local\Temp\surefire1979467646084954643\surefirebooter11949060593767665242.jar"/>
    <property name="user.script" value=""/>
    <property name="sun.management.compiler" value="HotSpot 64-Bit Tiered Compilers"/>
    <property name="java.runtime.version" value="13.0.1+9"/>
    <property name="user.name" value="Bibhuti Panigrahi"/>
    <property name="path.separator" value=";"/>
    <property name="os.version" value="10.0"/>
    <property name="java.runtime.name" value="OpenJDK Runtime Environment"/>
    <property name="file.encoding" value="Cp1252"/>
    <property name="sun.nio.ch.bugLevel" value=""/>
    <property name="java.vm.name" value="OpenJDK 64-Bit Server VM"/>
    <property name="java.vendor.version" value="AdoptOpenJDK"/>
    <property name="localRepository" value="C:\Users\Bibhuti Panigrahi\.m2\repository"/>
    <property name="java.vendor.url.bug" value="https://github.com/AdoptOpenJDK/openjdk-build/issues"/>
    <property name="java.io.tmpdir" value="C:\Users\BIBHUT~1\AppData\Local\Temp\"/>
    <property name="java.version" value="13.0.1"/>
    <property name="user.dir" value="C:\JavaProject\myCucumberTest"/>
    <property name="os.arch" value="amd64"/>
    <property name="java.vm.specification.name" value="Java Virtual Machine Specification"/>
    <property name="sun.os.patch.level" value=""/>
    <property name="java.library.path" value="C:\Program Files\AdoptOpenJDK\jdk-13.0.1.9-hotspot\bin;C:\WINDOWS\Sun\Java\bin;C:\WINDOWS\system32;C:\WINDOWS;C:\Program Files\AdoptOpenJDK\jdk-13.0.1.9-hotspot\bin;C:\Program Files (x86)\Common Files\Oracle\Java\javapath;C:\ProgramData\Oracle\Java\javapath;C:\WINDOWS\system32;C:\WINDOWS;C:\WINDOWS\System32\Wbem;C:\WINDOWS\System32\WindowsPowerShell\v1.0\;C:\Program Files\Java\jdk1.8.0_151\bin;C:\WINDOWS\System32\OpenSSH\;C:\Program Files\Git\cmd;C:\Program Files\Microsoft SQL Server\150\Tools\Binn\;C:\Program Files\dotnet\;C:\Program Files (x86)\apache-maven-3.8.4-bin\apache-maven-3.8.4\bin;C:\Users\Bibhuti Panigrahi\AppData\Local\Programs\Python\Python310;C:\Users\Bibhuti Panigrahi\AppData\Local\Programs\Python\Python310\Scripts;C:\Users\Bibhuti Panigrahi\AppData\Local\Microsoft\WindowsApps;;C:\Program Files\JetBrains\PyCharm Community Edition 2021.3.1\bin;;C:\Users\Bibhuti Panigrahi\.dotnet\tools;."/>
    <property name="java.vm.info" value="mixed mode, sharing"/>
    <property name="java.vendor" value="AdoptOpenJDK"/>
    <property name="java.vm.version" value="13.0.1+9"/>
    <property name="sun.io.unicode.encoding" value="UnicodeLittle"/>
    <property name="java.class.version" value="57.0"/>
  </properties>
  <testcase name="Smoke test" classname="Check for Searched Results" time="14.179">
    <system-out><![CDATA[
Scenario: Smoke test         &amp#27;[90m# myCucumberTest/LinkGroup.feature:3&amp#27;[0m
  &amp#27;[32mWhen &amp#27;[0m&amp#27;[32mI open the home page&amp#27;[0m  &amp#27;[90m# myCucumberTest.StepDefinitions.i_open_the_home_page()&amp#27;[0m
  &amp#27;[32mThen &amp#27;[0m&amp#27;[32mthe page is displayed&amp#27;[0m &amp#27;[90m# myCucumberTest.StepDefinitions.the_page_is_displayed()&amp#27;[0m
]]></system-out>
    <system-err><![CDATA[SLF4J: Failed to load class "org.slf4j.impl.StaticLoggerBinder".
SLF4J: Defaulting to no-operation (NOP) logger implementation
SLF4J: See http://www.slf4j.org/codes.html#StaticLoggerBinder for further details.
Starting ChromeDriver 97.0.4692.71 (adefa7837d02a07a604c1e6eff0b3a09422ab88d-refs/branch-heads/4692@{#1247}) on port 51623
Only local connections are allowed.
Please see https://chromedriver.chromium.org/security-considerations for suggestions on keeping ChromeDriver safe.
ChromeDriver was started successfully.
Jan 25, 2022 2:40:15 AM org.openqa.selenium.remote.ProtocolHandshake createSession
INFO: Detected dialect: W3C
Jan 25, 2022 2:40:15 AM org.openqa.selenium.devtools.CdpVersionFinder findNearestMatch
WARNING: Unable to find an exact match for CDP version 97, so returning the closest version found: 95
Jan 25, 2022 2:40:15 AM org.openqa.selenium.devtools.CdpVersionFinder findNearestMatch
INFO: Found CDP implementation for version 97 of 95
]]></system-err>
  </testcase>
  <testcase name="Search results" classname="Check for Searched Results" time="2.776">
    <system-out><![CDATA[
Scenario: Search results                            &amp#27;[90m# myCucumberTest/LinkGroup.feature:6&amp#27;[0m
********************Page Title : Home
  &amp#27;[32mGiven &amp#27;[0m&amp#27;[32mI have opened the home page&amp#27;[0m                 &amp#27;[90m# myCucumberTest.StepDefinitions.i_have_opened_the_home_page()&amp#27;[0m
  &amp#27;[32mAnd &amp#27;[0m&amp#27;[32mI have agreed to the cookie policy&amp#27;[0m            &amp#27;[90m# myCucumberTest.StepDefinitions.i_have_agreed_to_the_cookie_policy()&amp#27;[0m
  &amp#27;[32mWhen &amp#27;[0m&amp#27;[32mI search for &amp#27;[0m&amp#27;[32m&amp#27;[1m"Leeds"&amp#27;[0m                         &amp#27;[90m# myCucumberTest.StepDefinitions.i_search_for(java.lang.String)&amp#27;[0m
  &amp#27;[32mThen &amp#27;[0m&amp#27;[32mthe search results are displayed for &amp#27;[0m&amp#27;[32m&amp#27;[1m"Leeds"&amp#27;[0m &amp#27;[90m# myCucumberTest.StepDefinitions.the_search_results_are_displayed_for(java.lang.String)&amp#27;[0m
]]></system-out>
  </testcase>
  <testcase name="Example #1" classname="Examples" time="11.169">
    <system-out><![CDATA[
Scenario Outline: Investment managers                          &amp#27;[90m# myCucumberTest/LinkGroup.feature:18&amp#27;[0m
  &amp#27;[32mGiven &amp#27;[0m&amp#27;[32mI have opened the Fund Solutions page&amp#27;[0m                  &amp#27;[90m# myCucumberTest.StepDefinitions.i_have_opened_the_fund_solutions_page()&amp#27;[0m
  &amp#27;[32mWhen &amp#27;[0m&amp#27;[32mI view Funds&amp#27;[0m                                            &amp#27;[90m# myCucumberTest.StepDefinitions.i_view_funds()&amp#27;[0m
*******************UK
***********************Investment Managers for UK investors --> Enabled : true
  &amp#27;[32mThen &amp#27;[0m&amp#27;[32mI can select the investment managers for &amp#27;[0m&amp#27;[32m&amp#27;[1m"UK"&amp#27;[0m&amp#27;[32m investors&amp#27;[0m &amp#27;[90m# myCucumberTest.StepDefinitions.i_can_select_the_investment_managers_for_uk_investors(java.lang.String)&amp#27;[0m
]]></system-out>
    <system-err><![CDATA[Starting ChromeDriver 97.0.4692.71 (adefa7837d02a07a604c1e6eff0b3a09422ab88d-refs/branch-heads/4692@{#1247}) on port 50919
Only local connections are allowed.
Please see https://chromedriver.chromium.org/security-considerations for suggestions on keeping ChromeDriver safe.
ChromeDriver was started successfully.
Jan 25, 2022 2:40:27 AM org.openqa.selenium.remote.ProtocolHandshake createSession
INFO: Detected dialect: W3C
Jan 25, 2022 2:40:27 AM org.openqa.selenium.devtools.CdpVersionFinder findNearestMatch
WARNING: Unable to find an exact match for CDP version 97, so returning the closest version found: 95
Jan 25, 2022 2:40:27 AM org.openqa.selenium.devtools.CdpVersionFinder findNearestMatch
INFO: Found CDP implementation for version 97 of 95
]]></system-err>
  </testcase>
  <testcase name="Example #2" classname="Examples" time="8.706">
    <system-out><![CDATA[
Scenario Outline: Investment managers                             &amp#27;[90m# myCucumberTest/LinkGroup.feature:19&amp#27;[0m
  &amp#27;[32mGiven &amp#27;[0m&amp#27;[32mI have opened the Fund Solutions page&amp#27;[0m                     &amp#27;[90m# myCucumberTest.StepDefinitions.i_have_opened_the_fund_solutions_page()&amp#27;[0m
  &amp#27;[32mWhen &amp#27;[0m&amp#27;[32mI view Funds&amp#27;[0m                                               &amp#27;[90m# myCucumberTest.StepDefinitions.i_view_funds()&amp#27;[0m
*******************Irish
***********************Investment Managers for Irish investors --> Enabled : true
  &amp#27;[32mThen &amp#27;[0m&amp#27;[32mI can select the investment managers for &amp#27;[0m&amp#27;[32m&amp#27;[1m"Irish"&amp#27;[0m&amp#27;[32m investors&amp#27;[0m &amp#27;[90m# myCucumberTest.StepDefinitions.i_can_select_the_investment_managers_for_uk_investors(java.lang.String)&amp#27;[0m
]]></system-out>
    <system-err><![CDATA[Starting ChromeDriver 97.0.4692.71 (adefa7837d02a07a604c1e6eff0b3a09422ab88d-refs/branch-heads/4692@{#1247}) on port 51565
Only local connections are allowed.
Please see https://chromedriver.chromium.org/security-considerations for suggestions on keeping ChromeDriver safe.
ChromeDriver was started successfully.
Jan 25, 2022 2:40:39 AM org.openqa.selenium.remote.ProtocolHandshake createSession
INFO: Detected dialect: W3C
Jan 25, 2022 2:40:39 AM org.openqa.selenium.devtools.CdpVersionFinder findNearestMatch
WARNING: Unable to find an exact match for CDP version 97, so returning the closest version found: 95
Jan 25, 2022 2:40:39 AM org.openqa.selenium.devtools.CdpVersionFinder findNearestMatch
INFO: Found CDP implementation for version 97 of 95
]]></system-err>
  </testcase>
  <testcase name="Example #3" classname="Examples" time="10.32">
    <system-out><![CDATA[
Scenario Outline: Investment managers                             &amp#27;[90m# myCucumberTest/LinkGroup.feature:20&amp#27;[0m
  &amp#27;[32mGiven &amp#27;[0m&amp#27;[32mI have opened the Fund Solutions page&amp#27;[0m                     &amp#27;[90m# myCucumberTest.StepDefinitions.i_have_opened_the_fund_solutions_page()&amp#27;[0m
  &amp#27;[32mWhen &amp#27;[0m&amp#27;[32mI view Funds&amp#27;[0m                                               &amp#27;[90m# myCucumberTest.StepDefinitions.i_view_funds()&amp#27;[0m
*******************Swiss
***********************Investment Managers for Swiss investors --> Enabled : true
  &amp#27;[32mThen &amp#27;[0m&amp#27;[32mI can select the investment managers for &amp#27;[0m&amp#27;[32m&amp#27;[1m"Swiss"&amp#27;[0m&amp#27;[32m investors&amp#27;[0m &amp#27;[90m# myCucumberTest.StepDefinitions.i_can_select_the_investment_managers_for_uk_investors(java.lang.String)&amp#27;[0m
]]></system-out>
    <system-err><![CDATA[Starting ChromeDriver 97.0.4692.71 (adefa7837d02a07a604c1e6eff0b3a09422ab88d-refs/branch-heads/4692@{#1247}) on port 51751
Only local connections are allowed.
Please see https://chromedriver.chromium.org/security-considerations for suggestions on keeping ChromeDriver safe.
ChromeDriver was started successfully.
Jan 25, 2022 2:40:47 AM org.openqa.selenium.remote.ProtocolHandshake createSession
INFO: Detected dialect: W3C
Jan 25, 2022 2:40:47 AM org.openqa.selenium.devtools.CdpVersionFinder findNearestMatch
WARNING: Unable to find an exact match for CDP version 97, so returning the closest version found: 95
Jan 25, 2022 2:40:47 AM org.openqa.selenium.devtools.CdpVersionFinder findNearestMatch
INFO: Found CDP implementation for version 97 of 95
]]></system-err>
  </testcase>
</testsuite>